[0.915s] DEBUG:colcon:Command line arguments: ['/usr/bin/colcon', 'build']
[0.915s] DEBUG:colcon:Parsed command line arguments: Namespace(ament_cmake_args=None, base_paths=['.'], build_base='build', catkin_cmake_args=None, catkin_skip_building_tests=False, cmake_args=None, cmake_clean_cache=False, cmake_clean_first=False, cmake_force_configure=False, cmake_target=None, cmake_target_skip_unavailable=False, continue_on_error=False, event_handlers=None, executor='sequential', install_base='install', log_base=None, log_level=None, main=<bound method BuildVerb.main of <colcon_core.verb.build.BuildVerb object at 0xffffb0e90850>>, merge_install=False, paths=None, symlink_install=False, test_result_base=None, verb_extension=<colcon_core.verb.build.BuildVerb object at 0xffffb0e90850>, verb_name='build', verb_parser=CustomArgumentParser(prog='colcon build', usage=None, description='Build a set of packages.', formatter_class=<class 'colcon_core.command.CustomFormatter'>, conflict_handler='error', add_help=True))
[0.935s] Level 1:colcon.colcon_core.package_discovery:discover_packages(recursive) check parameters
[0.935s] Level 1:colcon.colcon_core.package_discovery:discover_packages(path) check parameters
[0.935s] Level 1:colcon.colcon_core.package_discovery:discover_packages(recursive) discover
[0.935s] INFO:colcon.colcon_core.package_discovery:Crawling recursively for packages in '/home/ubuntu/ws_mini'
[0.936s] Level 1:colcon.colcon_core.package_identification:_identify(.) by extensions ['ignore', 'ignore_ament_install']
[0.936s] Level 1:colcon.colcon_core.package_identification:_identify(.) by extension 'ignore'
[0.937s] Level 1:colcon.colcon_core.package_identification:_identify(.) by extension 'ignore_ament_install'
[0.937s] Level 1:colcon.colcon_core.package_identification:_identify(.) by extensions ['ros']
[0.937s] Level 1:colcon.colcon_core.package_identification:_identify(.) by extension 'ros'
[0.986s] Level 1:colcon.colcon_core.package_identification:_identify(.) by extensions ['cmake', 'python']
[0.986s] Level 1:colcon.colcon_core.package_identification:_identify(.) by extension 'cmake'
[0.986s] Level 1:colcon.colcon_core.package_identification:_identify(.) by extension 'python'
[0.987s] Level 1:colcon.colcon_core.package_identification:_identify(.) by extensions ['python_setup_py']
[0.987s] Level 1:colcon.colcon_core.package_identification:_identify(.) by extension 'python_setup_py'
[0.987s] Level 1:colcon.colcon_core.package_identification:_identify(build) by extensions ['ignore', 'ignore_ament_install']
[0.988s] Level 1:colcon.colcon_core.package_identification:_identify(build) by extension 'ignore'
[0.988s] Level 1:colcon.colcon_core.package_identification:_identify(build) ignored
[0.988s] Level 1:colcon.colcon_core.package_identification:_identify(install) by extensions ['ignore', 'ignore_ament_install']
[0.989s] Level 1:colcon.colcon_core.package_identification:_identify(install) by extension 'ignore'
[0.989s] Level 1:colcon.colcon_core.package_identification:_identify(install) ignored
[0.989s] Level 1:colcon.colcon_core.package_identification:_identify(launch) by extensions ['ignore', 'ignore_ament_install']
[0.990s] Level 1:colcon.colcon_core.package_identification:_identify(launch) by extension 'ignore'
[0.990s] Level 1:colcon.colcon_core.package_identification:_identify(launch) by extension 'ignore_ament_install'
[0.990s] Level 1:colcon.colcon_core.package_identification:_identify(launch) by extensions ['ros']
[0.990s] Level 1:colcon.colcon_core.package_identification:_identify(launch) by extension 'ros'
[0.990s] Level 1:colcon.colcon_core.package_identification:_identify(launch) by extensions ['cmake', 'python']
[0.991s] Level 1:colcon.colcon_core.package_identification:_identify(launch) by extension 'cmake'
[0.991s] Level 1:colcon.colcon_core.package_identification:_identify(launch) by extension 'python'
[0.991s] Level 1:colcon.colcon_core.package_identification:_identify(launch) by extensions ['python_setup_py']
[0.991s] Level 1:colcon.colcon_core.package_identification:_identify(launch) by extension 'python_setup_py'
[0.992s] Level 1:colcon.colcon_core.package_identification:_identify(launch/__pycache__) by extensions ['ignore', 'ignore_ament_install']
[0.992s] Level 1:colcon.colcon_core.package_identification:_identify(launch/__pycache__) by extension 'ignore'
[0.992s] Level 1:colcon.colcon_core.package_identification:_identify(launch/__pycache__) by extension 'ignore_ament_install'
[0.992s] Level 1:colcon.colcon_core.package_identification:_identify(launch/__pycache__) by extensions ['ros']
[0.993s] Level 1:colcon.colcon_core.package_identification:_identify(launch/__pycache__) by extension 'ros'
[0.993s] Level 1:colcon.colcon_core.package_identification:_identify(launch/__pycache__) by extensions ['cmake', 'python']
[0.993s] Level 1:colcon.colcon_core.package_identification:_identify(launch/__pycache__) by extension 'cmake'
[0.993s] Level 1:colcon.colcon_core.package_identification:_identify(launch/__pycache__) by extension 'python'
[0.993s] Level 1:colcon.colcon_core.package_identification:_identify(launch/__pycache__) by extensions ['python_setup_py']
[0.994s] Level 1:colcon.colcon_core.package_identification:_identify(launch/__pycache__) by extension 'python_setup_py'
[0.994s] Level 1:colcon.colcon_core.package_identification:_identify(log) by extensions ['ignore', 'ignore_ament_install']
[0.994s] Level 1:colcon.colcon_core.package_identification:_identify(log) by extension 'ignore'
[0.995s] Level 1:colcon.colcon_core.package_identification:_identify(log) ignored
[0.995s] Level 1:colcon.colcon_core.package_identification:_identify(src) by extensions ['ignore', 'ignore_ament_install']
[0.995s] Level 1:colcon.colcon_core.package_identification:_identify(src) by extension 'ignore'
[0.995s] Level 1:colcon.colcon_core.package_identification:_identify(src) by extension 'ignore_ament_install'
[0.996s] Level 1:colcon.colcon_core.package_identification:_identify(src) by extensions ['ros']
[0.996s] Level 1:colcon.colcon_core.package_identification:_identify(src) by extension 'ros'
[0.996s] Level 1:colcon.colcon_core.package_identification:_identify(src) by extensions ['cmake', 'python']
[0.996s] Level 1:colcon.colcon_core.package_identification:_identify(src) by extension 'cmake'
[0.996s] Level 1:colcon.colcon_core.package_identification:_identify(src) by extension 'python'
[0.997s] Level 1:colcon.colcon_core.package_identification:_identify(src) by extensions ['python_setup_py']
[0.997s] Level 1:colcon.colcon_core.package_identification:_identify(src) by extension 'python_setup_py'
[0.997s] Level 1:colcon.colcon_core.package_identification:_identify(src/diff_motor) by extensions ['ignore', 'ignore_ament_install']
[0.998s] Level 1:colcon.colcon_core.package_identification:_identify(src/diff_motor) by extension 'ignore'
[0.998s] Level 1:colcon.colcon_core.package_identification:_identify(src/diff_motor) by extension 'ignore_ament_install'
[0.998s] Level 1:colcon.colcon_core.package_identification:_identify(src/diff_motor) by extensions ['ros']
[0.998s] Level 1:colcon.colcon_core.package_identification:_identify(src/diff_motor) by extension 'ros'
[1.007s] DEBUG:colcon.colcon_core.package_identification:Package 'src/diff_motor' with type 'ros.ament_python' and name 'diff_motor'
[1.008s] Level 1:colcon.colcon_core.package_identification:_identify(src/rplidar_ros) by extensions ['ignore', 'ignore_ament_install']
[1.009s] Level 1:colcon.colcon_core.package_identification:_identify(src/rplidar_ros) by extension 'ignore'
[1.009s] Level 1:colcon.colcon_core.package_identification:_identify(src/rplidar_ros) by extension 'ignore_ament_install'
[1.009s] Level 1:colcon.colcon_core.package_identification:_identify(src/rplidar_ros) by extensions ['ros']
[1.009s] Level 1:colcon.colcon_core.package_identification:_identify(src/rplidar_ros) by extension 'ros'
[1.012s] DEBUG:colcon.colcon_core.package_identification:Package 'src/rplidar_ros' with type 'ros.ament_cmake' and name 'rplidar_ros'
[1.012s] Level 1:colcon.colcon_core.package_identification:_identify(src/urdf) by extensions ['ignore', 'ignore_ament_install']
[1.013s] Level 1:colcon.colcon_core.package_identification:_identify(src/urdf) by extension 'ignore'
[1.013s] Level 1:colcon.colcon_core.package_identification:_identify(src/urdf) by extension 'ignore_ament_install'
[1.013s] Level 1:colcon.colcon_core.package_identification:_identify(src/urdf) by extensions ['ros']
[1.013s] Level 1:colcon.colcon_core.package_identification:_identify(src/urdf) by extension 'ros'
[1.014s] Level 1:colcon.colcon_core.package_identification:_identify(src/urdf) by extensions ['cmake', 'python']
[1.014s] Level 1:colcon.colcon_core.package_identification:_identify(src/urdf) by extension 'cmake'
[1.014s] Level 1:colcon.colcon_core.package_identification:_identify(src/urdf) by extension 'python'
[1.014s] Level 1:colcon.colcon_core.package_identification:_identify(src/urdf) by extensions ['python_setup_py']
[1.014s] Level 1:colcon.colcon_core.package_identification:_identify(src/urdf) by extension 'python_setup_py'
[1.014s] Level 1:colcon.colcon_core.package_discovery:discover_packages(recursive) using defaults
[1.015s] Level 1:colcon.colcon_core.package_discovery:discover_packages(path) discover
[1.015s] Level 1:colcon.colcon_core.package_discovery:discover_packages(path) using defaults
[1.109s] Level 5:colcon.colcon_core.verb:set package 'diff_motor' build argument 'cmake_args' from command line to 'None'
[1.109s] Level 5:colcon.colcon_core.verb:set package 'diff_motor' build argument 'cmake_target' from command line to 'None'
[1.109s] Level 5:colcon.colcon_core.verb:set package 'diff_motor' build argument 'cmake_target_skip_unavailable' from command line to 'False'
[1.109s] Level 5:colcon.colcon_core.verb:set package 'diff_motor' build argument 'cmake_clean_cache' from command line to 'False'
[1.109s] Level 5:colcon.colcon_core.verb:set package 'diff_motor' build argument 'cmake_clean_first' from command line to 'False'
[1.109s] Level 5:colcon.colcon_core.verb:set package 'diff_motor' build argument 'cmake_force_configure' from command line to 'False'
[1.109s] Level 5:colcon.colcon_core.verb:set package 'diff_motor' build argument 'ament_cmake_args' from command line to 'None'
[1.110s] Level 5:colcon.colcon_core.verb:set package 'diff_motor' build argument 'catkin_cmake_args' from command line to 'None'
[1.110s] Level 5:colcon.colcon_core.verb:set package 'diff_motor' build argument 'catkin_skip_building_tests' from command line to 'False'
[1.110s] DEBUG:colcon.colcon_core.verb:Building package 'diff_motor' with the following arguments: {'ament_cmake_args': None, 'build_base': '/home/ubuntu/ws_mini/build/diff_motor', 'catkin_cmake_args': None, 'catkin_skip_building_tests': False, 'cmake_args': None, 'cmake_clean_cache': False, 'cmake_clean_first': False, 'cmake_force_configure': False, 'cmake_target': None, 'cmake_target_skip_unavailable': False, 'install_base': '/home/ubuntu/ws_mini/install/diff_motor', 'merge_install': False, 'path': '/home/ubuntu/ws_mini/src/diff_motor', 'symlink_install': False, 'test_result_base': None}
[1.121s] Level 5:colcon.colcon_core.verb:set package 'rplidar_ros' build argument 'cmake_args' from command line to 'None'
[1.121s] Level 5:colcon.colcon_core.verb:set package 'rplidar_ros' build argument 'cmake_target' from command line to 'None'
[1.121s] Level 5:colcon.colcon_core.verb:set package 'rplidar_ros' build argument 'cmake_target_skip_unavailable' from command line to 'False'
[1.121s] Level 5:colcon.colcon_core.verb:set package 'rplidar_ros' build argument 'cmake_clean_cache' from command line to 'False'
[1.121s] Level 5:colcon.colcon_core.verb:set package 'rplidar_ros' build argument 'cmake_clean_first' from command line to 'False'
[1.121s] Level 5:colcon.colcon_core.verb:set package 'rplidar_ros' build argument 'cmake_force_configure' from command line to 'False'
[1.121s] Level 5:colcon.colcon_core.verb:set package 'rplidar_ros' build argument 'ament_cmake_args' from command line to 'None'
[1.122s] Level 5:colcon.colcon_core.verb:set package 'rplidar_ros' build argument 'catkin_cmake_args' from command line to 'None'
[1.122s] Level 5:colcon.colcon_core.verb:set package 'rplidar_ros' build argument 'catkin_skip_building_tests' from command line to 'False'
[1.122s] DEBUG:colcon.colcon_core.verb:Building package 'rplidar_ros' with the following arguments: {'ament_cmake_args': None, 'build_base': '/home/ubuntu/ws_mini/build/rplidar_ros', 'catkin_cmake_args': None, 'catkin_skip_building_tests': False, 'cmake_args': None, 'cmake_clean_cache': False, 'cmake_clean_first': False, 'cmake_force_configure': False, 'cmake_target': None, 'cmake_target_skip_unavailable': False, 'install_base': '/home/ubuntu/ws_mini/install/rplidar_ros', 'merge_install': False, 'path': '/home/ubuntu/ws_mini/src/rplidar_ros', 'symlink_install': False, 'test_result_base': None}
[1.123s] INFO:colcon.colcon_core.executor:Executing jobs using 'sequential' executor
[1.127s] DEBUG:colcon.colcon_core.executor.sequential:run_until_complete 'diff_motor'
[1.128s] INFO:colcon.colcon_ros.task.ament_python.build:Building ROS package in '/home/ubuntu/ws_mini/src/diff_motor' with build type 'ament_python'
[1.128s] Level 1:colcon.colcon_core.shell:create_environment_hook('diff_motor', 'ament_prefix_path')
[1.140s] INFO:colcon.colcon_core.plugin_system:Skipping extension 'colcon_core.shell.bat': Not used on non-Windows systems
[1.141s] INFO:colcon.colcon_core.shell:Creating environment descriptor '/home/ubuntu/ws_mini/install/diff_motor/share/diff_motor/hook/ament_prefix_path.dsv'
[1.143s] INFO:colcon.colcon_core.shell:Creating environment hook '/home/ubuntu/ws_mini/install/diff_motor/share/diff_motor/hook/ament_prefix_path.sh'
[1.147s] DEBUG:colcon.colcon_core.shell:Skip shell extension 'dsv' for command environment
[1.156s] WARNING:colcon.colcon_ros.prefix_path.ament:The path '/home/ubuntu/ws_mini/install/rplidar_ros' in the environment variable AMENT_PREFIX_PATH doesn't exist
[1.157s] WARNING:colcon.colcon_ros.prefix_path.catkin:The path '/home/ubuntu/ws_mini/install/rplidar_ros' in the environment variable CMAKE_PREFIX_PATH doesn't exist
[1.158s] DEBUG:colcon.colcon_core.shell:Ignoring prefix path '/opt/ros/galactic'
[3.261s] INFO:colcon.colcon_core.task.python.build:Building Python package in '/home/ubuntu/ws_mini/src/diff_motor'
[3.265s] DEBUG:colcon.colcon_core.shell:Skip shell extension 'dsv' for command environment
[3.283s] DEBUG:colcon.colcon_core.shell:Ignoring prefix path '/opt/ros/galactic'
[3.322s] DEBUG:colcon.colcon_core.event_handler.log_command:Invoking command in '/home/ubuntu/ws_mini/src/diff_motor': PYTHONPATH=/home/ubuntu/ws_mini/install/diff_motor/lib/python3.8/site-packages:${PYTHONPATH} /usr/bin/python3 setup.py egg_info --egg-base ../../build/diff_motor build --build-base /home/ubuntu/ws_mini/build/diff_motor/build install --prefix /home/ubuntu/ws_mini/install/diff_motor --record /home/ubuntu/ws_mini/build/diff_motor/install.log --single-version-externally-managed
[5.683s] DEBUG:colcon.colcon_core.event_handler.log_command:Invoked command in '/home/ubuntu/ws_mini/src/diff_motor' returned '0': PYTHONPATH=/home/ubuntu/ws_mini/install/diff_motor/lib/python3.8/site-packages:${PYTHONPATH} /usr/bin/python3 setup.py egg_info --egg-base ../../build/diff_motor build --build-base /home/ubuntu/ws_mini/build/diff_motor/build install --prefix /home/ubuntu/ws_mini/install/diff_motor --record /home/ubuntu/ws_mini/build/diff_motor/install.log --single-version-externally-managed
[5.713s] Level 1:colcon.colcon_core.environment:checking '/home/ubuntu/ws_mini/install/diff_motor' for CMake module files
[5.719s] Level 1:colcon.colcon_core.environment:checking '/home/ubuntu/ws_mini/install/diff_motor' for CMake config files
[5.727s] Level 1:colcon.colcon_core.environment:checking '/home/ubuntu/ws_mini/install/diff_motor/lib'
[5.729s] Level 1:colcon.colcon_core.environment:checking '/home/ubuntu/ws_mini/install/diff_motor/bin'
[5.730s] Level 1:colcon.colcon_core.environment:checking '/home/ubuntu/ws_mini/install/diff_motor/lib/pkgconfig/diff_motor.pc'
[5.731s] Level 1:colcon.colcon_core.environment:checking '/home/ubuntu/ws_mini/install/diff_motor/lib/python3.8/site-packages'
[5.731s] Level 1:colcon.colcon_core.shell:create_environment_hook('diff_motor', 'pythonpath')
[5.734s] INFO:colcon.colcon_core.shell:Creating environment descriptor '/home/ubuntu/ws_mini/install/diff_motor/share/diff_motor/hook/pythonpath.dsv'
[5.738s] INFO:colcon.colcon_core.shell:Creating environment hook '/home/ubuntu/ws_mini/install/diff_motor/share/diff_motor/hook/pythonpath.sh'
[5.741s] Level 1:colcon.colcon_core.environment:create_environment_scripts_only(diff_motor)
[5.744s] INFO:colcon.colcon_core.shell:Creating package descriptor '/home/ubuntu/ws_mini/install/diff_motor/share/diff_motor/package.dsv'
[5.750s] INFO:colcon.colcon_core.shell:Creating package script '/home/ubuntu/ws_mini/install/diff_motor/share/diff_motor/package.sh'
[5.758s] Level 1:colcon.colcon_core.environment:create_file_with_runtime_dependencies(/home/ubuntu/ws_mini/install/diff_motor/share/colcon-core/packages/diff_motor)
[5.761s] DEBUG:colcon.colcon_core.executor.sequential:run_until_complete 'diff_motor' finished with '0'
[5.762s] DEBUG:colcon.colcon_core.executor.sequential:run_until_complete 'rplidar_ros'
[5.763s] INFO:colcon.colcon_ros.task.ament_cmake.build:Building ROS package in '/home/ubuntu/ws_mini/src/rplidar_ros' with build type 'ament_cmake'
[5.765s] INFO:colcon.colcon_cmake.task.cmake.build:Building CMake package in '/home/ubuntu/ws_mini/src/rplidar_ros'
[5.768s] DEBUG:colcon.colcon_core.shell:Skip shell extension 'dsv' for command environment
[5.785s] DEBUG:colcon.colcon_core.shell:Ignoring prefix path '/opt/ros/galactic'
[5.825s] DEBUG:colcon.colcon_core.event_handler.log_command:Invoking command in '/home/ubuntu/ws_mini/build/rplidar_ros': CMAKE_PREFIX_PATH=${CMAKE_PREFIX_PATH}:/home/ubuntu/ws_mini/install/diff_motor:/opt/ros/galactic /usr/bin/cmake /home/ubuntu/ws_mini/src/rplidar_ros -DCMAKE_INSTALL_PREFIX=/home/ubuntu/ws_mini/install/rplidar_ros
[16.765s] DEBUG:colcon.colcon_core.event_handler.log_command:Invoked command in '/home/ubuntu/ws_mini/build/rplidar_ros' returned '0': CMAKE_PREFIX_PATH=${CMAKE_PREFIX_PATH}:/home/ubuntu/ws_mini/install/diff_motor:/opt/ros/galactic /usr/bin/cmake /home/ubuntu/ws_mini/src/rplidar_ros -DCMAKE_INSTALL_PREFIX=/home/ubuntu/ws_mini/install/rplidar_ros
[16.774s] DEBUG:colcon.colcon_core.event_handler.log_command:Invoking command in '/home/ubuntu/ws_mini/build/rplidar_ros': CMAKE_PREFIX_PATH=${CMAKE_PREFIX_PATH}:/home/ubuntu/ws_mini/install/diff_motor:/opt/ros/galactic /usr/bin/cmake --build /home/ubuntu/ws_mini/build/rplidar_ros -- -j4 -l4
[78.685s] DEBUG:colcon.colcon_core.event_handler.log_command:Invoked command in '/home/ubuntu/ws_mini/build/rplidar_ros' returned '0': CMAKE_PREFIX_PATH=${CMAKE_PREFIX_PATH}:/home/ubuntu/ws_mini/install/diff_motor:/opt/ros/galactic /usr/bin/cmake --build /home/ubuntu/ws_mini/build/rplidar_ros -- -j4 -l4
[79.019s] DEBUG:colcon.colcon_core.event_handler.log_command:Invoking command in '/home/ubuntu/ws_mini/build/rplidar_ros': CMAKE_PREFIX_PATH=${CMAKE_PREFIX_PATH}:/home/ubuntu/ws_mini/install/diff_motor:/opt/ros/galactic /usr/bin/cmake --install /home/ubuntu/ws_mini/build/rplidar_ros
[79.139s] Level 1:colcon.colcon_core.environment:create_environment_scripts_only(rplidar_ros)
[79.141s] DEBUG:colcon.colcon_core.event_handler.log_command:Invoked command in '/home/ubuntu/ws_mini/build/rplidar_ros' returned '0': CMAKE_PREFIX_PATH=${CMAKE_PREFIX_PATH}:/home/ubuntu/ws_mini/install/diff_motor:/opt/ros/galactic /usr/bin/cmake --install /home/ubuntu/ws_mini/build/rplidar_ros
[79.149s] Level 1:colcon.colcon_core.environment:checking '/home/ubuntu/ws_mini/install/rplidar_ros' for CMake module files
[79.157s] Level 1:colcon.colcon_core.environment:checking '/home/ubuntu/ws_mini/install/rplidar_ros' for CMake config files
[79.162s] Level 1:colcon.colcon_core.shell:create_environment_hook('rplidar_ros', 'cmake_prefix_path')
[79.164s] INFO:colcon.colcon_core.shell:Creating environment descriptor '/home/ubuntu/ws_mini/install/rplidar_ros/share/rplidar_ros/hook/cmake_prefix_path.dsv'
[79.168s] INFO:colcon.colcon_core.shell:Creating environment hook '/home/ubuntu/ws_mini/install/rplidar_ros/share/rplidar_ros/hook/cmake_prefix_path.sh'
[79.172s] Level 1:colcon.colcon_core.environment:checking '/home/ubuntu/ws_mini/install/rplidar_ros/lib'
[79.173s] Level 1:colcon.colcon_core.shell:create_environment_hook('rplidar_ros', 'ld_library_path_lib')
[79.176s] INFO:colcon.colcon_core.shell:Creating environment descriptor '/home/ubuntu/ws_mini/install/rplidar_ros/share/rplidar_ros/hook/ld_library_path_lib.dsv'
[79.179s] INFO:colcon.colcon_core.shell:Creating environment hook '/home/ubuntu/ws_mini/install/rplidar_ros/share/rplidar_ros/hook/ld_library_path_lib.sh'
[79.182s] Level 1:colcon.colcon_core.environment:checking '/home/ubuntu/ws_mini/install/rplidar_ros/bin'
[79.183s] Level 1:colcon.colcon_core.environment:checking '/home/ubuntu/ws_mini/install/rplidar_ros/lib/pkgconfig/rplidar_ros.pc'
[79.184s] Level 1:colcon.colcon_core.environment:checking '/home/ubuntu/ws_mini/install/rplidar_ros/lib/python3.8/site-packages'
[79.187s] INFO:colcon.colcon_core.shell:Creating package descriptor '/home/ubuntu/ws_mini/install/rplidar_ros/share/rplidar_ros/package.dsv'
[79.191s] INFO:colcon.colcon_core.shell:Creating package script '/home/ubuntu/ws_mini/install/rplidar_ros/share/rplidar_ros/package.sh'
[79.195s] Level 1:colcon.colcon_core.environment:create_file_with_runtime_dependencies(/home/ubuntu/ws_mini/install/rplidar_ros/share/colcon-core/packages/rplidar_ros)
[79.576s] Level 1:colcon.colcon_core.environment:create_environment_scripts_only(rplidar_ros)
[79.581s] Level 1:colcon.colcon_core.environment:checking '/home/ubuntu/ws_mini/install/rplidar_ros' for CMake module files
[79.585s] Level 1:colcon.colcon_core.environment:checking '/home/ubuntu/ws_mini/install/rplidar_ros' for CMake config files
[79.588s] Level 1:colcon.colcon_core.shell:create_environment_hook('rplidar_ros', 'cmake_prefix_path')
[79.589s] INFO:colcon.colcon_core.shell:Creating environment descriptor '/home/ubuntu/ws_mini/install/rplidar_ros/share/rplidar_ros/hook/cmake_prefix_path.dsv'
[79.591s] INFO:colcon.colcon_core.shell:Creating environment hook '/home/ubuntu/ws_mini/install/rplidar_ros/share/rplidar_ros/hook/cmake_prefix_path.sh'
[79.594s] Level 1:colcon.colcon_core.environment:checking '/home/ubuntu/ws_mini/install/rplidar_ros/lib'
[79.595s] Level 1:colcon.colcon_core.shell:create_environment_hook('rplidar_ros', 'ld_library_path_lib')
[79.596s] INFO:colcon.colcon_core.shell:Creating environment descriptor '/home/ubuntu/ws_mini/install/rplidar_ros/share/rplidar_ros/hook/ld_library_path_lib.dsv'
[79.597s] INFO:colcon.colcon_core.shell:Creating environment hook '/home/ubuntu/ws_mini/install/rplidar_ros/share/rplidar_ros/hook/ld_library_path_lib.sh'
[79.599s] Level 1:colcon.colcon_core.environment:checking '/home/ubuntu/ws_mini/install/rplidar_ros/bin'
[79.599s] Level 1:colcon.colcon_core.environment:checking '/home/ubuntu/ws_mini/install/rplidar_ros/lib/pkgconfig/rplidar_ros.pc'
[79.600s] Level 1:colcon.colcon_core.environment:checking '/home/ubuntu/ws_mini/install/rplidar_ros/lib/python3.8/site-packages'
[79.601s] INFO:colcon.colcon_core.shell:Creating package descriptor '/home/ubuntu/ws_mini/install/rplidar_ros/share/rplidar_ros/package.dsv'
[79.603s] INFO:colcon.colcon_core.shell:Creating package script '/home/ubuntu/ws_mini/install/rplidar_ros/share/rplidar_ros/package.sh'
[79.605s] Level 1:colcon.colcon_core.environment:create_file_with_runtime_dependencies(/home/ubuntu/ws_mini/install/rplidar_ros/share/colcon-core/packages/rplidar_ros)
[79.606s] DEBUG:colcon.colcon_core.executor.sequential:run_until_complete 'rplidar_ros' finished with '0'
[79.607s] DEBUG:colcon.colcon_core.executor.sequential:closing loop
[79.607s] DEBUG:colcon.colcon_core.executor.sequential:loop closed
[79.608s] DEBUG:colcon.colcon_core.event_reactor:joining thread
[79.608s] DEBUG:colcon.colcon_core.event_reactor:joined thread
[79.610s] INFO:colcon.colcon_core.shell:Creating prefix script '/home/ubuntu/ws_mini/install/local_setup.sh'
[79.612s] INFO:colcon.colcon_core.shell:Creating prefix util module '/home/ubuntu/ws_mini/install/_local_setup_util_sh.py'
[79.620s] INFO:colcon.colcon_core.shell:Creating prefix chain script '/home/ubuntu/ws_mini/install/setup.sh'
