[1.793s] DEBUG:colcon:Command line arguments: ['/usr/bin/colcon', 'build']
[1.794s] DEBUG:colcon:Parsed command line arguments: Namespace(ament_cmake_args=None, base_paths=['.'], build_base='build', catkin_cmake_args=None, catkin_skip_building_tests=False, cmake_args=None, cmake_clean_cache=False, cmake_clean_first=False, cmake_force_configure=False, cmake_target=None, cmake_target_skip_unavailable=False, continue_on_error=False, event_handlers=None, executor='sequential', install_base='install', log_base=None, log_level=None, main=<bound method BuildVerb.main of <colcon_core.verb.build.BuildVerb object at 0xffffb6b59d60>>, merge_install=False, paths=None, symlink_install=False, test_result_base=None, verb_extension=<colcon_core.verb.build.BuildVerb object at 0xffffb6b59d60>, verb_name='build', verb_parser=CustomArgumentParser(prog='colcon build', usage=None, description='Build a set of packages.', formatter_class=<class 'colcon_core.command.CustomFormatter'>, conflict_handler='error', add_help=True))
[1.839s] Level 1:colcon.colcon_core.package_discovery:discover_packages(recursive) check parameters
[1.839s] Level 1:colcon.colcon_core.package_discovery:discover_packages(path) check parameters
[1.839s] Level 1:colcon.colcon_core.package_discovery:discover_packages(recursive) discover
[1.840s] INFO:colcon.colcon_core.package_discovery:Crawling recursively for packages in '/home/ubuntu/ws_mini'
[1.841s] Level 1:colcon.colcon_core.package_identification:_identify(.) by extensions ['ignore', 'ignore_ament_install']
[1.842s] Level 1:colcon.colcon_core.package_identification:_identify(.) by extension 'ignore'
[1.843s] Level 1:colcon.colcon_core.package_identification:_identify(.) by extension 'ignore_ament_install'
[1.843s] Level 1:colcon.colcon_core.package_identification:_identify(.) by extensions ['ros']
[1.843s] Level 1:colcon.colcon_core.package_identification:_identify(.) by extension 'ros'
[1.952s] Level 1:colcon.colcon_core.package_identification:_identify(.) by extensions ['cmake', 'python']
[1.952s] Level 1:colcon.colcon_core.package_identification:_identify(.) by extension 'cmake'
[1.953s] Level 1:colcon.colcon_core.package_identification:_identify(.) by extension 'python'
[1.953s] Level 1:colcon.colcon_core.package_identification:_identify(.) by extensions ['python_setup_py']
[1.954s] Level 1:colcon.colcon_core.package_identification:_identify(.) by extension 'python_setup_py'
[1.955s] Level 1:colcon.colcon_core.package_identification:_identify(build) by extensions ['ignore', 'ignore_ament_install']
[1.956s] Level 1:colcon.colcon_core.package_identification:_identify(build) by extension 'ignore'
[1.956s] Level 1:colcon.colcon_core.package_identification:_identify(build) ignored
[1.958s] Level 1:colcon.colcon_core.package_identification:_identify(install) by extensions ['ignore', 'ignore_ament_install']
[1.958s] Level 1:colcon.colcon_core.package_identification:_identify(install) by extension 'ignore'
[1.959s] Level 1:colcon.colcon_core.package_identification:_identify(install) ignored
[1.960s] Level 1:colcon.colcon_core.package_identification:_identify(launch) by extensions ['ignore', 'ignore_ament_install']
[1.960s] Level 1:colcon.colcon_core.package_identification:_identify(launch) by extension 'ignore'
[1.961s] Level 1:colcon.colcon_core.package_identification:_identify(launch) by extension 'ignore_ament_install'
[1.961s] Level 1:colcon.colcon_core.package_identification:_identify(launch) by extensions ['ros']
[1.962s] Level 1:colcon.colcon_core.package_identification:_identify(launch) by extension 'ros'
[1.963s] Level 1:colcon.colcon_core.package_identification:_identify(launch) by extensions ['cmake', 'python']
[1.963s] Level 1:colcon.colcon_core.package_identification:_identify(launch) by extension 'cmake'
[1.963s] Level 1:colcon.colcon_core.package_identification:_identify(launch) by extension 'python'
[1.964s] Level 1:colcon.colcon_core.package_identification:_identify(launch) by extensions ['python_setup_py']
[1.964s] Level 1:colcon.colcon_core.package_identification:_identify(launch) by extension 'python_setup_py'
[1.965s] Level 1:colcon.colcon_core.package_identification:_identify(launch/__pycache__) by extensions ['ignore', 'ignore_ament_install']
[1.966s] Level 1:colcon.colcon_core.package_identification:_identify(launch/__pycache__) by extension 'ignore'
[1.966s] Level 1:colcon.colcon_core.package_identification:_identify(launch/__pycache__) by extension 'ignore_ament_install'
[1.967s] Level 1:colcon.colcon_core.package_identification:_identify(launch/__pycache__) by extensions ['ros']
[1.967s] Level 1:colcon.colcon_core.package_identification:_identify(launch/__pycache__) by extension 'ros'
[1.968s] Level 1:colcon.colcon_core.package_identification:_identify(launch/__pycache__) by extensions ['cmake', 'python']
[1.968s] Level 1:colcon.colcon_core.package_identification:_identify(launch/__pycache__) by extension 'cmake'
[1.969s] Level 1:colcon.colcon_core.package_identification:_identify(launch/__pycache__) by extension 'python'
[1.969s] Level 1:colcon.colcon_core.package_identification:_identify(launch/__pycache__) by extensions ['python_setup_py']
[1.970s] Level 1:colcon.colcon_core.package_identification:_identify(launch/__pycache__) by extension 'python_setup_py'
[1.971s] Level 1:colcon.colcon_core.package_identification:_identify(log) by extensions ['ignore', 'ignore_ament_install']
[1.972s] Level 1:colcon.colcon_core.package_identification:_identify(log) by extension 'ignore'
[1.972s] Level 1:colcon.colcon_core.package_identification:_identify(log) ignored
[1.973s] Level 1:colcon.colcon_core.package_identification:_identify(src) by extensions ['ignore', 'ignore_ament_install']
[1.974s] Level 1:colcon.colcon_core.package_identification:_identify(src) by extension 'ignore'
[1.974s] Level 1:colcon.colcon_core.package_identification:_identify(src) by extension 'ignore_ament_install'
[1.975s] Level 1:colcon.colcon_core.package_identification:_identify(src) by extensions ['ros']
[1.975s] Level 1:colcon.colcon_core.package_identification:_identify(src) by extension 'ros'
[1.976s] Level 1:colcon.colcon_core.package_identification:_identify(src) by extensions ['cmake', 'python']
[1.976s] Level 1:colcon.colcon_core.package_identification:_identify(src) by extension 'cmake'
[1.977s] Level 1:colcon.colcon_core.package_identification:_identify(src) by extension 'python'
[1.977s] Level 1:colcon.colcon_core.package_identification:_identify(src) by extensions ['python_setup_py']
[1.977s] Level 1:colcon.colcon_core.package_identification:_identify(src) by extension 'python_setup_py'
[1.979s] Level 1:colcon.colcon_core.package_identification:_identify(src/diff_motor) by extensions ['ignore', 'ignore_ament_install']
[1.979s] Level 1:colcon.colcon_core.package_identification:_identify(src/diff_motor) by extension 'ignore'
[1.980s] Level 1:colcon.colcon_core.package_identification:_identify(src/diff_motor) by extension 'ignore_ament_install'
[1.980s] Level 1:colcon.colcon_core.package_identification:_identify(src/diff_motor) by extensions ['ros']
[1.981s] Level 1:colcon.colcon_core.package_identification:_identify(src/diff_motor) by extension 'ros'
[2.001s] DEBUG:colcon.colcon_core.package_identification:Package 'src/diff_motor' with type 'ros.ament_python' and name 'diff_motor'
[2.003s] Level 1:colcon.colcon_core.package_identification:_identify(src/ros2_mpu6050) by extensions ['ignore', 'ignore_ament_install']
[2.004s] Level 1:colcon.colcon_core.package_identification:_identify(src/ros2_mpu6050) by extension 'ignore'
[2.004s] Level 1:colcon.colcon_core.package_identification:_identify(src/ros2_mpu6050) by extension 'ignore_ament_install'
[2.005s] Level 1:colcon.colcon_core.package_identification:_identify(src/ros2_mpu6050) by extensions ['ros']
[2.005s] Level 1:colcon.colcon_core.package_identification:_identify(src/ros2_mpu6050) by extension 'ros'
[2.011s] DEBUG:colcon.colcon_core.package_identification:Package 'src/ros2_mpu6050' with type 'ros.ament_python' and name 'ros2_mpu6050'
[2.013s] Level 1:colcon.colcon_core.package_identification:_identify(src/rplidar_ros) by extensions ['ignore', 'ignore_ament_install']
[2.013s] Level 1:colcon.colcon_core.package_identification:_identify(src/rplidar_ros) by extension 'ignore'
[2.014s] Level 1:colcon.colcon_core.package_identification:_identify(src/rplidar_ros) by extension 'ignore_ament_install'
[2.015s] Level 1:colcon.colcon_core.package_identification:_identify(src/rplidar_ros) by extensions ['ros']
[2.015s] Level 1:colcon.colcon_core.package_identification:_identify(src/rplidar_ros) by extension 'ros'
[2.020s] DEBUG:colcon.colcon_core.package_identification:Package 'src/rplidar_ros' with type 'ros.ament_cmake' and name 'rplidar_ros'
[2.022s] Level 1:colcon.colcon_core.package_identification:_identify(src/urdf) by extensions ['ignore', 'ignore_ament_install']
[2.022s] Level 1:colcon.colcon_core.package_identification:_identify(src/urdf) by extension 'ignore'
[2.023s] Level 1:colcon.colcon_core.package_identification:_identify(src/urdf) by extension 'ignore_ament_install'
[2.024s] Level 1:colcon.colcon_core.package_identification:_identify(src/urdf) by extensions ['ros']
[2.024s] Level 1:colcon.colcon_core.package_identification:_identify(src/urdf) by extension 'ros'
[2.025s] Level 1:colcon.colcon_core.package_identification:_identify(src/urdf) by extensions ['cmake', 'python']
[2.025s] Level 1:colcon.colcon_core.package_identification:_identify(src/urdf) by extension 'cmake'
[2.025s] Level 1:colcon.colcon_core.package_identification:_identify(src/urdf) by extension 'python'
[2.026s] Level 1:colcon.colcon_core.package_identification:_identify(src/urdf) by extensions ['python_setup_py']
[2.026s] Level 1:colcon.colcon_core.package_identification:_identify(src/urdf) by extension 'python_setup_py'
[2.027s] Level 1:colcon.colcon_core.package_discovery:discover_packages(recursive) using defaults
[2.027s] Level 1:colcon.colcon_core.package_discovery:discover_packages(path) discover
[2.028s] Level 1:colcon.colcon_core.package_discovery:discover_packages(path) using defaults
[2.239s] Level 5:colcon.colcon_core.verb:set package 'diff_motor' build argument 'cmake_args' from command line to 'None'
[2.239s] Level 5:colcon.colcon_core.verb:set package 'diff_motor' build argument 'cmake_target' from command line to 'None'
[2.239s] Level 5:colcon.colcon_core.verb:set package 'diff_motor' build argument 'cmake_target_skip_unavailable' from command line to 'False'
[2.240s] Level 5:colcon.colcon_core.verb:set package 'diff_motor' build argument 'cmake_clean_cache' from command line to 'False'
[2.240s] Level 5:colcon.colcon_core.verb:set package 'diff_motor' build argument 'cmake_clean_first' from command line to 'False'
[2.240s] Level 5:colcon.colcon_core.verb:set package 'diff_motor' build argument 'cmake_force_configure' from command line to 'False'
[2.241s] Level 5:colcon.colcon_core.verb:set package 'diff_motor' build argument 'ament_cmake_args' from command line to 'None'
[2.241s] Level 5:colcon.colcon_core.verb:set package 'diff_motor' build argument 'catkin_cmake_args' from command line to 'None'
[2.241s] Level 5:colcon.colcon_core.verb:set package 'diff_motor' build argument 'catkin_skip_building_tests' from command line to 'False'
[2.242s] DEBUG:colcon.colcon_core.verb:Building package 'diff_motor' with the following arguments: {'ament_cmake_args': None, 'build_base': '/home/ubuntu/ws_mini/build/diff_motor', 'catkin_cmake_args': None, 'catkin_skip_building_tests': False, 'cmake_args': None, 'cmake_clean_cache': False, 'cmake_clean_first': False, 'cmake_force_configure': False, 'cmake_target': None, 'cmake_target_skip_unavailable': False, 'install_base': '/home/ubuntu/ws_mini/install/diff_motor', 'merge_install': False, 'path': '/home/ubuntu/ws_mini/src/diff_motor', 'symlink_install': False, 'test_result_base': None}
[2.269s] Level 5:colcon.colcon_core.verb:set package 'ros2_mpu6050' build argument 'cmake_args' from command line to 'None'
[2.269s] Level 5:colcon.colcon_core.verb:set package 'ros2_mpu6050' build argument 'cmake_target' from command line to 'None'
[2.270s] Level 5:colcon.colcon_core.verb:set package 'ros2_mpu6050' build argument 'cmake_target_skip_unavailable' from command line to 'False'
[2.270s] Level 5:colcon.colcon_core.verb:set package 'ros2_mpu6050' build argument 'cmake_clean_cache' from command line to 'False'
[2.270s] Level 5:colcon.colcon_core.verb:set package 'ros2_mpu6050' build argument 'cmake_clean_first' from command line to 'False'
[2.271s] Level 5:colcon.colcon_core.verb:set package 'ros2_mpu6050' build argument 'cmake_force_configure' from command line to 'False'
[2.271s] Level 5:colcon.colcon_core.verb:set package 'ros2_mpu6050' build argument 'ament_cmake_args' from command line to 'None'
[2.271s] Level 5:colcon.colcon_core.verb:set package 'ros2_mpu6050' build argument 'catkin_cmake_args' from command line to 'None'
[2.272s] Level 5:colcon.colcon_core.verb:set package 'ros2_mpu6050' build argument 'catkin_skip_building_tests' from command line to 'False'
[2.272s] DEBUG:colcon.colcon_core.verb:Building package 'ros2_mpu6050' with the following arguments: {'ament_cmake_args': None, 'build_base': '/home/ubuntu/ws_mini/build/ros2_mpu6050', 'catkin_cmake_args': None, 'catkin_skip_building_tests': False, 'cmake_args': None, 'cmake_clean_cache': False, 'cmake_clean_first': False, 'cmake_force_configure': False, 'cmake_target': None, 'cmake_target_skip_unavailable': False, 'install_base': '/home/ubuntu/ws_mini/install/ros2_mpu6050', 'merge_install': False, 'path': '/home/ubuntu/ws_mini/src/ros2_mpu6050', 'symlink_install': False, 'test_result_base': None}
[2.298s] Level 5:colcon.colcon_core.verb:set package 'rplidar_ros' build argument 'cmake_args' from command line to 'None'
[2.299s] Level 5:colcon.colcon_core.verb:set package 'rplidar_ros' build argument 'cmake_target' from command line to 'None'
[2.299s] Level 5:colcon.colcon_core.verb:set package 'rplidar_ros' build argument 'cmake_target_skip_unavailable' from command line to 'False'
[2.299s] Level 5:colcon.colcon_core.verb:set package 'rplidar_ros' build argument 'cmake_clean_cache' from command line to 'False'
[2.300s] Level 5:colcon.colcon_core.verb:set package 'rplidar_ros' build argument 'cmake_clean_first' from command line to 'False'
[2.300s] Level 5:colcon.colcon_core.verb:set package 'rplidar_ros' build argument 'cmake_force_configure' from command line to 'False'
[2.300s] Level 5:colcon.colcon_core.verb:set package 'rplidar_ros' build argument 'ament_cmake_args' from command line to 'None'
[2.300s] Level 5:colcon.colcon_core.verb:set package 'rplidar_ros' build argument 'catkin_cmake_args' from command line to 'None'
[2.301s] Level 5:colcon.colcon_core.verb:set package 'rplidar_ros' build argument 'catkin_skip_building_tests' from command line to 'False'
[2.301s] DEBUG:colcon.colcon_core.verb:Building package 'rplidar_ros' with the following arguments: {'ament_cmake_args': None, 'build_base': '/home/ubuntu/ws_mini/build/rplidar_ros', 'catkin_cmake_args': None, 'catkin_skip_building_tests': False, 'cmake_args': None, 'cmake_clean_cache': False, 'cmake_clean_first': False, 'cmake_force_configure': False, 'cmake_target': None, 'cmake_target_skip_unavailable': False, 'install_base': '/home/ubuntu/ws_mini/install/rplidar_ros', 'merge_install': False, 'path': '/home/ubuntu/ws_mini/src/rplidar_ros', 'symlink_install': False, 'test_result_base': None}
[2.303s] INFO:colcon.colcon_core.executor:Executing jobs using 'sequential' executor
[2.311s] DEBUG:colcon.colcon_core.executor.sequential:run_until_complete 'diff_motor'
[2.313s] INFO:colcon.colcon_ros.task.ament_python.build:Building ROS package in '/home/ubuntu/ws_mini/src/diff_motor' with build type 'ament_python'
[2.314s] Level 1:colcon.colcon_core.shell:create_environment_hook('diff_motor', 'ament_prefix_path')
[2.341s] INFO:colcon.colcon_core.plugin_system:Skipping extension 'colcon_core.shell.bat': Not used on non-Windows systems
[2.343s] INFO:colcon.colcon_core.shell:Creating environment descriptor '/home/ubuntu/ws_mini/install/diff_motor/share/diff_motor/hook/ament_prefix_path.dsv'
[2.347s] INFO:colcon.colcon_core.shell:Creating environment hook '/home/ubuntu/ws_mini/install/diff_motor/share/diff_motor/hook/ament_prefix_path.sh'
[2.355s] DEBUG:colcon.colcon_core.shell:Skip shell extension 'dsv' for command environment
[2.383s] DEBUG:colcon.colcon_core.shell:Ignoring prefix path '/opt/ros/galactic'
[3.515s] INFO:colcon.colcon_core.task.python.build:Building Python package in '/home/ubuntu/ws_mini/src/diff_motor'
[3.517s] DEBUG:colcon.colcon_core.shell:Skip shell extension 'dsv' for command environment
[3.538s] DEBUG:colcon.colcon_core.shell:Ignoring prefix path '/opt/ros/galactic'
[3.559s] DEBUG:colcon.colcon_core.event_handler.log_command:Invoking command in '/home/ubuntu/ws_mini/src/diff_motor': PYTHONPATH=/home/ubuntu/ws_mini/install/diff_motor/lib/python3.8/site-packages:${PYTHONPATH} /usr/bin/python3 setup.py egg_info --egg-base ../../build/diff_motor build --build-base /home/ubuntu/ws_mini/build/diff_motor/build install --prefix /home/ubuntu/ws_mini/install/diff_motor --record /home/ubuntu/ws_mini/build/diff_motor/install.log --single-version-externally-managed
[4.811s] DEBUG:colcon.colcon_core.event_handler.log_command:Invoked command in '/home/ubuntu/ws_mini/src/diff_motor' returned '0': PYTHONPATH=/home/ubuntu/ws_mini/install/diff_motor/lib/python3.8/site-packages:${PYTHONPATH} /usr/bin/python3 setup.py egg_info --egg-base ../../build/diff_motor build --build-base /home/ubuntu/ws_mini/build/diff_motor/build install --prefix /home/ubuntu/ws_mini/install/diff_motor --record /home/ubuntu/ws_mini/build/diff_motor/install.log --single-version-externally-managed
[4.844s] Level 1:colcon.colcon_core.environment:checking '/home/ubuntu/ws_mini/install/diff_motor' for CMake module files
[4.851s] Level 1:colcon.colcon_core.environment:checking '/home/ubuntu/ws_mini/install/diff_motor' for CMake config files
[4.860s] Level 1:colcon.colcon_core.environment:checking '/home/ubuntu/ws_mini/install/diff_motor/lib'
[4.862s] Level 1:colcon.colcon_core.environment:checking '/home/ubuntu/ws_mini/install/diff_motor/bin'
[4.863s] Level 1:colcon.colcon_core.environment:checking '/home/ubuntu/ws_mini/install/diff_motor/lib/pkgconfig/diff_motor.pc'
[4.864s] Level 1:colcon.colcon_core.environment:checking '/home/ubuntu/ws_mini/install/diff_motor/lib/python3.8/site-packages'
[4.864s] Level 1:colcon.colcon_core.shell:create_environment_hook('diff_motor', 'pythonpath')
[4.867s] INFO:colcon.colcon_core.shell:Creating environment descriptor '/home/ubuntu/ws_mini/install/diff_motor/share/diff_motor/hook/pythonpath.dsv'
[4.872s] INFO:colcon.colcon_core.shell:Creating environment hook '/home/ubuntu/ws_mini/install/diff_motor/share/diff_motor/hook/pythonpath.sh'
[4.876s] Level 1:colcon.colcon_core.environment:create_environment_scripts_only(diff_motor)
[4.879s] INFO:colcon.colcon_core.shell:Creating package descriptor '/home/ubuntu/ws_mini/install/diff_motor/share/diff_motor/package.dsv'
[4.885s] INFO:colcon.colcon_core.shell:Creating package script '/home/ubuntu/ws_mini/install/diff_motor/share/diff_motor/package.sh'
[4.893s] Level 1:colcon.colcon_core.environment:create_file_with_runtime_dependencies(/home/ubuntu/ws_mini/install/diff_motor/share/colcon-core/packages/diff_motor)
[4.895s] DEBUG:colcon.colcon_core.executor.sequential:run_until_complete 'diff_motor' finished with '0'
[4.896s] DEBUG:colcon.colcon_core.executor.sequential:run_until_complete 'ros2_mpu6050'
[4.897s] INFO:colcon.colcon_ros.task.ament_python.build:Building ROS package in '/home/ubuntu/ws_mini/src/ros2_mpu6050' with build type 'ament_python'
[4.899s] Level 1:colcon.colcon_core.shell:create_environment_hook('ros2_mpu6050', 'ament_prefix_path')
[4.901s] INFO:colcon.colcon_core.shell:Creating environment descriptor '/home/ubuntu/ws_mini/install/ros2_mpu6050/share/ros2_mpu6050/hook/ament_prefix_path.dsv'
[4.905s] INFO:colcon.colcon_core.shell:Creating environment hook '/home/ubuntu/ws_mini/install/ros2_mpu6050/share/ros2_mpu6050/hook/ament_prefix_path.sh'
[4.910s] DEBUG:colcon.colcon_core.shell:Skip shell extension 'dsv' for command environment
[4.929s] DEBUG:colcon.colcon_core.shell:Ignoring prefix path '/opt/ros/galactic'
[7.054s] INFO:colcon.colcon_core.task.python.build:Building Python package in '/home/ubuntu/ws_mini/src/ros2_mpu6050'
[7.058s] DEBUG:colcon.colcon_core.shell:Skip shell extension 'dsv' for command environment
[7.078s] DEBUG:colcon.colcon_core.shell:Ignoring prefix path '/opt/ros/galactic'
[7.101s] DEBUG:colcon.colcon_core.event_handler.log_command:Invoking command in '/home/ubuntu/ws_mini/src/ros2_mpu6050': PYTHONPATH=/home/ubuntu/ws_mini/install/ros2_mpu6050/lib/python3.8/site-packages:${PYTHONPATH} /usr/bin/python3 setup.py egg_info --egg-base ../../build/ros2_mpu6050 build --build-base /home/ubuntu/ws_mini/build/ros2_mpu6050/build install --prefix /home/ubuntu/ws_mini/install/ros2_mpu6050 --record /home/ubuntu/ws_mini/build/ros2_mpu6050/install.log --single-version-externally-managed
[8.615s] DEBUG:colcon.colcon_core.event_handler.log_command:Invoked command in '/home/ubuntu/ws_mini/src/ros2_mpu6050' returned '0': PYTHONPATH=/home/ubuntu/ws_mini/install/ros2_mpu6050/lib/python3.8/site-packages:${PYTHONPATH} /usr/bin/python3 setup.py egg_info --egg-base ../../build/ros2_mpu6050 build --build-base /home/ubuntu/ws_mini/build/ros2_mpu6050/build install --prefix /home/ubuntu/ws_mini/install/ros2_mpu6050 --record /home/ubuntu/ws_mini/build/ros2_mpu6050/install.log --single-version-externally-managed
[8.620s] Level 1:colcon.colcon_core.environment:checking '/home/ubuntu/ws_mini/install/ros2_mpu6050' for CMake module files
[8.629s] Level 1:colcon.colcon_core.environment:checking '/home/ubuntu/ws_mini/install/ros2_mpu6050' for CMake config files
[8.636s] Level 1:colcon.colcon_core.environment:checking '/home/ubuntu/ws_mini/install/ros2_mpu6050/lib'
[8.637s] Level 1:colcon.colcon_core.environment:checking '/home/ubuntu/ws_mini/install/ros2_mpu6050/bin'
[8.638s] Level 1:colcon.colcon_core.environment:checking '/home/ubuntu/ws_mini/install/ros2_mpu6050/lib/pkgconfig/ros2_mpu6050.pc'
[8.639s] Level 1:colcon.colcon_core.environment:checking '/home/ubuntu/ws_mini/install/ros2_mpu6050/lib/python3.8/site-packages'
[8.639s] Level 1:colcon.colcon_core.shell:create_environment_hook('ros2_mpu6050', 'pythonpath')
[8.642s] INFO:colcon.colcon_core.shell:Creating environment descriptor '/home/ubuntu/ws_mini/install/ros2_mpu6050/share/ros2_mpu6050/hook/pythonpath.dsv'
[8.646s] INFO:colcon.colcon_core.shell:Creating environment hook '/home/ubuntu/ws_mini/install/ros2_mpu6050/share/ros2_mpu6050/hook/pythonpath.sh'
[8.649s] Level 1:colcon.colcon_core.environment:create_environment_scripts_only(ros2_mpu6050)
[8.652s] INFO:colcon.colcon_core.shell:Creating package descriptor '/home/ubuntu/ws_mini/install/ros2_mpu6050/share/ros2_mpu6050/package.dsv'
[8.656s] INFO:colcon.colcon_core.shell:Creating package script '/home/ubuntu/ws_mini/install/ros2_mpu6050/share/ros2_mpu6050/package.sh'
[8.661s] Level 1:colcon.colcon_core.environment:create_file_with_runtime_dependencies(/home/ubuntu/ws_mini/install/ros2_mpu6050/share/colcon-core/packages/ros2_mpu6050)
[8.663s] DEBUG:colcon.colcon_core.executor.sequential:run_until_complete 'ros2_mpu6050' finished with '0'
[8.664s] DEBUG:colcon.colcon_core.executor.sequential:run_until_complete 'rplidar_ros'
[8.665s] INFO:colcon.colcon_ros.task.ament_cmake.build:Building ROS package in '/home/ubuntu/ws_mini/src/rplidar_ros' with build type 'ament_cmake'
[8.666s] INFO:colcon.colcon_cmake.task.cmake.build:Building CMake package in '/home/ubuntu/ws_mini/src/rplidar_ros'
[8.669s] DEBUG:colcon.colcon_core.shell:Skip shell extension 'dsv' for command environment
[8.696s] DEBUG:colcon.colcon_core.shell:Ignoring prefix path '/opt/ros/galactic'
[8.745s] DEBUG:colcon.colcon_core.event_handler.log_command:Invoking command in '/home/ubuntu/ws_mini/build/rplidar_ros': CMAKE_PREFIX_PATH=${CMAKE_PREFIX_PATH}:/home/ubuntu/ws_mini/install/ros2_mpu6050:/home/ubuntu/ws_mini/install/diff_motor:/opt/ros/galactic /usr/bin/cmake --build /home/ubuntu/ws_mini/build/rplidar_ros -- -j4 -l4
[9.565s] DEBUG:colcon.colcon_core.event_handler.log_command:Invoked command in '/home/ubuntu/ws_mini/build/rplidar_ros' returned '0': CMAKE_PREFIX_PATH=${CMAKE_PREFIX_PATH}:/home/ubuntu/ws_mini/install/ros2_mpu6050:/home/ubuntu/ws_mini/install/diff_motor:/opt/ros/galactic /usr/bin/cmake --build /home/ubuntu/ws_mini/build/rplidar_ros -- -j4 -l4
[9.813s] DEBUG:colcon.colcon_core.event_handler.log_command:Invoking command in '/home/ubuntu/ws_mini/build/rplidar_ros': CMAKE_PREFIX_PATH=${CMAKE_PREFIX_PATH}:/home/ubuntu/ws_mini/install/ros2_mpu6050:/home/ubuntu/ws_mini/install/diff_motor:/opt/ros/galactic /usr/bin/cmake --install /home/ubuntu/ws_mini/build/rplidar_ros
[9.878s] Level 1:colcon.colcon_core.environment:create_environment_scripts_only(rplidar_ros)
[9.879s] DEBUG:colcon.colcon_core.event_handler.log_command:Invoked command in '/home/ubuntu/ws_mini/build/rplidar_ros' returned '0': CMAKE_PREFIX_PATH=${CMAKE_PREFIX_PATH}:/home/ubuntu/ws_mini/install/ros2_mpu6050:/home/ubuntu/ws_mini/install/diff_motor:/opt/ros/galactic /usr/bin/cmake --install /home/ubuntu/ws_mini/build/rplidar_ros
[9.883s] Level 1:colcon.colcon_core.environment:checking '/home/ubuntu/ws_mini/install/rplidar_ros' for CMake module files
[9.886s] Level 1:colcon.colcon_core.environment:checking '/home/ubuntu/ws_mini/install/rplidar_ros' for CMake config files
[9.888s] Level 1:colcon.colcon_core.shell:create_environment_hook('rplidar_ros', 'cmake_prefix_path')
[9.891s] INFO:colcon.colcon_core.shell:Creating environment descriptor '/home/ubuntu/ws_mini/install/rplidar_ros/share/rplidar_ros/hook/cmake_prefix_path.dsv'
[9.895s] INFO:colcon.colcon_core.shell:Creating environment hook '/home/ubuntu/ws_mini/install/rplidar_ros/share/rplidar_ros/hook/cmake_prefix_path.sh'
[9.900s] Level 1:colcon.colcon_core.environment:checking '/home/ubuntu/ws_mini/install/rplidar_ros/lib'
[9.901s] Level 1:colcon.colcon_core.shell:create_environment_hook('rplidar_ros', 'ld_library_path_lib')
[9.903s] INFO:colcon.colcon_core.shell:Creating environment descriptor '/home/ubuntu/ws_mini/install/rplidar_ros/share/rplidar_ros/hook/ld_library_path_lib.dsv'
[9.907s] INFO:colcon.colcon_core.shell:Creating environment hook '/home/ubuntu/ws_mini/install/rplidar_ros/share/rplidar_ros/hook/ld_library_path_lib.sh'
[9.910s] Level 1:colcon.colcon_core.environment:checking '/home/ubuntu/ws_mini/install/rplidar_ros/bin'
[9.911s] Level 1:colcon.colcon_core.environment:checking '/home/ubuntu/ws_mini/install/rplidar_ros/lib/pkgconfig/rplidar_ros.pc'
[9.911s] Level 1:colcon.colcon_core.environment:checking '/home/ubuntu/ws_mini/install/rplidar_ros/lib/python3.8/site-packages'
[9.915s] INFO:colcon.colcon_core.shell:Creating package descriptor '/home/ubuntu/ws_mini/install/rplidar_ros/share/rplidar_ros/package.dsv'
[9.919s] INFO:colcon.colcon_core.shell:Creating package script '/home/ubuntu/ws_mini/install/rplidar_ros/share/rplidar_ros/package.sh'
[9.923s] Level 1:colcon.colcon_core.environment:create_file_with_runtime_dependencies(/home/ubuntu/ws_mini/install/rplidar_ros/share/colcon-core/packages/rplidar_ros)
[10.304s] Level 1:colcon.colcon_core.environment:create_environment_scripts_only(rplidar_ros)
[10.309s] Level 1:colcon.colcon_core.environment:checking '/home/ubuntu/ws_mini/install/rplidar_ros' for CMake module files
[10.314s] Level 1:colcon.colcon_core.environment:checking '/home/ubuntu/ws_mini/install/rplidar_ros' for CMake config files
[10.316s] Level 1:colcon.colcon_core.shell:create_environment_hook('rplidar_ros', 'cmake_prefix_path')
[10.317s] INFO:colcon.colcon_core.shell:Creating environment descriptor '/home/ubuntu/ws_mini/install/rplidar_ros/share/rplidar_ros/hook/cmake_prefix_path.dsv'
[10.319s] INFO:colcon.colcon_core.shell:Creating environment hook '/home/ubuntu/ws_mini/install/rplidar_ros/share/rplidar_ros/hook/cmake_prefix_path.sh'
[10.322s] Level 1:colcon.colcon_core.environment:checking '/home/ubuntu/ws_mini/install/rplidar_ros/lib'
[10.322s] Level 1:colcon.colcon_core.shell:create_environment_hook('rplidar_ros', 'ld_library_path_lib')
[10.324s] INFO:colcon.colcon_core.shell:Creating environment descriptor '/home/ubuntu/ws_mini/install/rplidar_ros/share/rplidar_ros/hook/ld_library_path_lib.dsv'
[10.325s] INFO:colcon.colcon_core.shell:Creating environment hook '/home/ubuntu/ws_mini/install/rplidar_ros/share/rplidar_ros/hook/ld_library_path_lib.sh'
[10.327s] Level 1:colcon.colcon_core.environment:checking '/home/ubuntu/ws_mini/install/rplidar_ros/bin'
[10.327s] Level 1:colcon.colcon_core.environment:checking '/home/ubuntu/ws_mini/install/rplidar_ros/lib/pkgconfig/rplidar_ros.pc'
[10.328s] Level 1:colcon.colcon_core.environment:checking '/home/ubuntu/ws_mini/install/rplidar_ros/lib/python3.8/site-packages'
[10.329s] INFO:colcon.colcon_core.shell:Creating package descriptor '/home/ubuntu/ws_mini/install/rplidar_ros/share/rplidar_ros/package.dsv'
[10.331s] INFO:colcon.colcon_core.shell:Creating package script '/home/ubuntu/ws_mini/install/rplidar_ros/share/rplidar_ros/package.sh'
[10.334s] Level 1:colcon.colcon_core.environment:create_file_with_runtime_dependencies(/home/ubuntu/ws_mini/install/rplidar_ros/share/colcon-core/packages/rplidar_ros)
[10.335s] DEBUG:colcon.colcon_core.executor.sequential:run_until_complete 'rplidar_ros' finished with '0'
[10.335s] DEBUG:colcon.colcon_core.executor.sequential:closing loop
[10.336s] DEBUG:colcon.colcon_core.executor.sequential:loop closed
[10.337s] DEBUG:colcon.colcon_core.event_reactor:joining thread
[10.337s] DEBUG:colcon.colcon_core.event_reactor:joined thread
[10.339s] INFO:colcon.colcon_core.shell:Creating prefix script '/home/ubuntu/ws_mini/install/local_setup.sh'
[10.341s] INFO:colcon.colcon_core.shell:Creating prefix util module '/home/ubuntu/ws_mini/install/_local_setup_util_sh.py'
[10.346s] INFO:colcon.colcon_core.shell:Creating prefix chain script '/home/ubuntu/ws_mini/install/setup.sh'
