/home/ubuntu/ws_mini/install/diff_motor/lib/python3.8/site-packages/diff_motor/__init__.py
/home/ubuntu/ws_mini/install/diff_motor/lib/python3.8/site-packages/diff_motor/diff_tf.py
/home/ubuntu/ws_mini/install/diff_motor/lib/python3.8/site-packages/diff_motor/wheel_velocity.py
/home/ubuntu/ws_mini/install/diff_motor/lib/python3.8/site-packages/diff_motor/wheel_motion.py
/home/ubuntu/ws_mini/install/diff_motor/lib/python3.8/site-packages/diff_motor/wheel_publisher.py
/home/ubuntu/ws_mini/install/diff_motor/lib/python3.8/site-packages/diff_motor/__pycache__/__init__.cpython-38.pyc
/home/ubuntu/ws_mini/install/diff_motor/lib/python3.8/site-packages/diff_motor/__pycache__/diff_tf.cpython-38.pyc
/home/ubuntu/ws_mini/install/diff_motor/lib/python3.8/site-packages/diff_motor/__pycache__/wheel_velocity.cpython-38.pyc
/home/ubuntu/ws_mini/install/diff_motor/lib/python3.8/site-packages/diff_motor/__pycache__/wheel_motion.cpython-38.pyc
/home/ubuntu/ws_mini/install/diff_motor/lib/python3.8/site-packages/diff_motor/__pycache__/wheel_publisher.cpython-38.pyc
/home/ubuntu/ws_mini/install/diff_motor/share/ament_index/resource_index/packages/diff_motor
/home/ubuntu/ws_mini/install/diff_motor/share/diff_motor/package.xml
/home/ubuntu/ws_mini/install/diff_motor/lib/python3.8/site-packages/diff_motor-0.0.0-py3.8.egg-info/SOURCES.txt
/home/ubuntu/ws_mini/install/diff_motor/lib/python3.8/site-packages/diff_motor-0.0.0-py3.8.egg-info/top_level.txt
/home/ubuntu/ws_mini/install/diff_motor/lib/python3.8/site-packages/diff_motor-0.0.0-py3.8.egg-info/requires.txt
/home/ubuntu/ws_mini/install/diff_motor/lib/python3.8/site-packages/diff_motor-0.0.0-py3.8.egg-info/zip-safe
/home/ubuntu/ws_mini/install/diff_motor/lib/python3.8/site-packages/diff_motor-0.0.0-py3.8.egg-info/dependency_links.txt
/home/ubuntu/ws_mini/install/diff_motor/lib/python3.8/site-packages/diff_motor-0.0.0-py3.8.egg-info/PKG-INFO
/home/ubuntu/ws_mini/install/diff_motor/lib/python3.8/site-packages/diff_motor-0.0.0-py3.8.egg-info/entry_points.txt
/home/ubuntu/ws_mini/install/diff_motor/lib/diff_motor/diff_motion
/home/ubuntu/ws_mini/install/diff_motor/lib/diff_motor/diff_odom
/home/ubuntu/ws_mini/install/diff_motor/lib/diff_motor/diff_velocity
/home/ubuntu/ws_mini/install/diff_motor/lib/diff_motor/diff_wheels
